<?xml version="1.0" encoding="UTF-8"?>
<testng-results ignored="0" total="2" passed="2" failed="0" skipped="0">
  <reporter-output>
  </reporter-output>
  <suite started-at="2025-07-24T21:45:15 IST" name="Default suite" finished-at="2025-07-24T21:45:16 IST" duration-ms="58">
    <groups>
    </groups>
    <test started-at="2025-07-24T21:45:15 IST" name="Default test" finished-at="2025-07-24T21:45:16 IST" duration-ms="58">
      <class name="Raju.AppiumTest">
        <test-method signature="NativeAppAndroid()[pri:0, instance:Raju.AppiumTest@478190fc]" started-at="2025-07-24T21:45:16 IST" name="NativeAppAndroid" finished-at="2025-07-24T21:45:16 IST" duration-ms="9" status="PASS">
          <reporter-output>
          </reporter-output>
        </test-method> <!-- NativeAppAndroid -->
        <test-method signature="iphone()[pri:0, instance:Raju.AppiumTest@478190fc]" started-at="2025-07-24T21:45:16 IST" name="iphone" finished-at="2025-07-24T21:45:16 IST" duration-ms="1" status="PASS">
          <reporter-output>
          </reporter-output>
        </test-method> <!-- iphone -->
      </class> <!-- Raju.AppiumTest -->
    </test> <!-- Default test -->
  </suite> <!-- Default suite -->
</testng-results>
