<?xml version="1.0" encoding="UTF-8"?>
<testng-results ignored="0" total="1" passed="1" failed="0" skipped="0">
  <reporter-output>
  </reporter-output>
  <suite started-at="2025-07-14T22:09:58 IST" name="Default suite" finished-at="2025-07-14T22:09:58 IST" duration-ms="58">
    <groups>
    </groups>
    <test started-at="2025-07-14T22:09:58 IST" name="Default test" finished-at="2025-07-14T22:09:58 IST" duration-ms="58">
      <class name="Raju.Multidimensional">
        <test-method signature="Array()[pri:0, instance:Raju.Multidimensional@38c6f217]" started-at="2025-07-14T22:09:58 IST" name="Array" finished-at="2025-07-14T22:09:58 IST" duration-ms="11" status="PASS">
          <reporter-output>
          </reporter-output>
        </test-method> <!-- Array -->
      </class> <!-- Raju.Multidimensional -->
    </test> <!-- Default test -->
  </suite> <!-- Default suite -->
</testng-results>
